TN:
SF:internal\plugins\loadedAt.ts
FN:3,loadedAt
FNF:1
FNH:1
FNDA:1,loadedAt
DA:1,1
DA:2,1
DA:3,1
DA:4,1
DA:5,1
DA:6,0
DA:7,1
DA:8,1
DA:9,4
DA:10,1
DA:11,1
DA:12,1
DA:13,3
DA:14,2
DA:15,2
DA:16,3
DA:17,3
DA:18,4
DA:19,4
DA:20,1
DA:21,1
DA:22,1
DA:23,1
DA:24,1
LF:24
LH:23
BRDA:3,0,0,1
BRDA:8,1,0,4
BRDA:12,2,0,3
BRDA:13,3,0,2
BRDA:17,4,0,4
BRF:5
BRH:5
end_of_record
TN:
SF:samples\mongoose\model.ts
FNF:0
FNH:0
DA:1,1
DA:2,1
DA:3,1
DA:4,1
DA:5,1
DA:6,1
DA:7,1
DA:8,1
DA:9,1
DA:10,1
DA:11,1
DA:12,1
DA:13,1
DA:14,1
DA:15,1
DA:16,1
DA:17,1
DA:18,1
DA:19,1
DA:20,1
DA:21,1
DA:22,1
LF:22
LH:22
BRDA:13,0,0,1
BRF:1
BRH:1
end_of_record
TN:
SF:samples\mongoose\repository.ts
FN:6,create
FN:26,getOneById
FN:42,getAll
FN:45,deleteOneById
FNF:4
FNH:4
FNDA:1,create
FNDA:2,getOneById
FNDA:1,getAll
FNDA:1,deleteOneById
DA:1,1
DA:2,1
DA:3,1
DA:4,1
DA:5,1
DA:6,1
DA:7,1
DA:8,1
DA:9,1
DA:10,1
DA:11,1
DA:12,1
DA:13,1
DA:14,1
DA:15,1
DA:16,1
DA:17,1
DA:18,1
DA:19,1
DA:20,1
DA:21,1
DA:22,1
DA:23,1
DA:24,1
DA:25,1
DA:26,1
DA:27,2
DA:28,2
DA:29,2
DA:30,2
DA:31,2
DA:32,0
DA:33,0
DA:34,2
DA:35,2
DA:36,2
DA:37,2
DA:38,2
DA:39,2
DA:40,2
DA:41,1
DA:42,1
DA:43,1
DA:44,1
DA:45,1
DA:46,1
DA:47,1
DA:48,1
DA:49,1
DA:50,1
DA:51,1
DA:52,1
LF:52
LH:50
BRDA:6,0,0,1
BRDA:26,1,0,2
BRDA:31,2,0,0
BRDA:36,3,0,0
BRDA:37,4,0,0
BRDA:38,5,0,0
BRDA:42,6,0,1
BRDA:45,7,0,1
BRF:8
BRH:4
end_of_record
TN:
SF:samples\mongoose\plugin\timestamp.ts
FN:4,timeStampPlugin
FNF:1
FNH:1
FNDA:1,timeStampPlugin
DA:1,1
DA:2,1
DA:3,1
DA:4,1
DA:5,1
DA:6,1
DA:7,1
DA:8,1
DA:9,1
DA:10,1
LF:10
LH:10
BRDA:4,0,0,1
BRDA:5,1,0,1
BRF:2
BRH:2
end_of_record
